2020-06-25 12:29:29.1373 INFO you chose to play a song
2020-06-25 12:30:22.5514 INFO play button has been pressed
2020-06-25 12:30:26.6081 INFO stop button has been pressed
2020-06-25 12:30:28.1131 INFO play button has been pressed
2020-06-25 12:31:15.4634 INFO stop button has been pressed
2020-06-25 12:31:15.6230 INFO stop button has been pressed
2020-06-25 12:31:16.1356 INFO play button has been pressed
2020-06-25 12:31:16.9712 INFO stop button has been pressed
2020-06-25 12:31:17.1243 INFO stop button has been pressed
2020-06-25 12:31:17.8873 INFO stop button has been pressed
2020-06-25 12:31:18.0070 INFO stop button has been pressed
2020-06-25 12:31:18.4518 INFO play button has been pressed
2020-06-25 12:31:19.8646 INFO skip button has been pressed
2020-06-25 12:31:20.0597 INFO skip button has been pressed
2020-06-25 12:31:20.1800 INFO skip button has been pressed
2020-06-25 12:31:20.3357 INFO skip button has been pressed
2020-06-25 12:31:20.4917 INFO skip button has been pressed
2020-06-25 12:31:21.2054 INFO you left the application
2020-06-25 13:52:00.6760 INFO you chose to play a song
2020-06-25 13:53:29.2462 INFO play button has been pressed
2020-06-25 13:53:34.3181 INFO stop button has been pressed
2020-06-25 13:53:35.1678 INFO play button has been pressed
2020-06-25 13:53:37.4335 INFO stop button has been pressed
2020-06-25 13:53:37.6439 INFO stop button has been pressed
2020-06-25 13:53:38.0563 INFO play button has been pressed
2020-06-25 13:53:39.9610 INFO play button has been pressed
2020-06-25 13:53:40.3603 INFO play button has been pressed
2020-06-25 13:53:40.5314 INFO play button has been pressed
2020-06-25 13:53:40.9291 INFO stop button has been pressed
2020-06-25 13:53:41.1116 INFO stop button has been pressed
2020-06-25 13:53:42.2087 INFO play button has been pressed
2020-06-25 13:53:42.9902 INFO stop button has been pressed
2020-06-25 13:53:43.1408 INFO stop button has been pressed
2020-06-25 13:53:43.6774 INFO play button has been pressed
2020-06-25 13:53:45.2219 INFO stop button has been pressed
2020-06-25 13:53:45.3705 INFO stop button has been pressed
2020-06-25 13:53:45.5095 INFO stop button has been pressed
2020-06-25 13:53:45.9618 INFO play button has been pressed
2020-06-25 13:53:46.6983 INFO stop button has been pressed
2020-06-25 13:53:46.8609 INFO stop button has been pressed
2020-06-25 13:53:47.5071 INFO you left the application
2020-06-25 13:59:04.3060 INFO you chose to play a song
2020-06-25 14:00:07.8087 INFO play button has been pressed
2020-06-25 14:00:13.0219 INFO stop button has been pressed
2020-06-25 14:00:14.3199 INFO play button has been pressed
2020-06-25 14:00:15.3587 INFO stop button has been pressed
2020-06-25 14:00:15.8245 INFO stop button has been pressed
2020-06-25 14:00:15.9940 INFO stop button has been pressed
2020-06-25 14:00:16.2304 INFO stop button has been pressed
2020-06-25 14:00:16.5166 INFO play button has been pressed
2020-06-25 14:00:17.7533 INFO you left the application
2020-06-25 14:03:19.6817 INFO you chose to play a song
2020-06-25 14:03:41.8435 INFO play button has been pressed
2020-06-25 14:03:44.8125 INFO stop button has been pressed
2020-06-25 14:03:46.3674 INFO play button has been pressed
2020-06-25 14:03:47.4977 INFO stop button has been pressed
2020-06-25 14:03:47.6732 INFO stop button has been pressed
2020-06-25 14:03:47.8926 INFO stop button has been pressed
2020-06-25 14:03:48.2337 INFO play button has been pressed
2020-06-25 14:03:50.1358 INFO you left the application
2020-06-25 14:31:36.4492 INFO you chose to play a song
2020-06-25 14:31:54.9896 INFO play button has been pressed
2020-06-25 14:32:03.7891 INFO stop button has been pressed
2020-06-25 14:32:03.9397 INFO stop button has been pressed
2020-06-25 14:32:04.6208 INFO play button has been pressed
2020-06-25 14:32:04.7605 INFO play button has been pressed
2020-06-25 14:32:06.7433 INFO play button has been pressed
2020-06-25 14:32:12.6775 INFO play button has been pressed
2020-06-25 14:32:14.2024 INFO stop button has been pressed
2020-06-25 14:32:20.1216 INFO play button has been pressed
2020-06-25 14:32:38.7263 INFO stop button has been pressed
2020-06-25 14:32:38.8858 INFO stop button has been pressed
2020-06-25 14:32:39.7670 INFO play button has been pressed
2020-06-25 14:32:40.9408 INFO you left the application
2020-06-25 14:34:07.8298 INFO you chose to play a song
2020-06-25 14:34:14.3883 INFO play button has been pressed
2020-06-25 14:34:20.0023 INFO play button has been pressed
2020-06-25 14:34:32.8904 INFO play button has been pressed
2020-06-25 14:34:33.0341 INFO play button has been pressed
2020-06-25 14:34:33.8908 INFO stop button has been pressed
2020-06-25 14:34:34.3934 INFO stop button has been pressed
2020-06-25 14:34:34.5460 INFO stop button has been pressed
2020-06-25 14:34:35.2531 INFO you chose to play a song
2020-06-25 14:34:38.1524 INFO play button has been pressed
2020-06-25 14:34:39.7183 INFO play button has been pressed
2020-06-25 14:34:39.8669 INFO play button has been pressed
2020-06-25 14:34:40.8462 INFO stop button has been pressed
2020-06-25 14:34:41.7608 INFO you left the application
2020-06-25 14:47:02.9650 INFO you chose to play a song
2020-06-25 14:47:22.6184 INFO play button has been pressed
2020-06-25 14:47:28.1317 INFO play button has been pressed
2020-06-25 14:47:28.2524 INFO play button has been pressed
2020-06-25 14:47:41.4690 INFO stop button has been pressed
2020-06-25 14:47:42.3317 INFO play button has been pressed
2020-06-25 14:47:42.4963 INFO play button has been pressed
2020-06-25 14:47:46.4288 INFO play button has been pressed
2020-06-25 14:47:46.5594 INFO play button has been pressed
2020-06-25 14:47:46.7150 INFO play button has been pressed
2020-06-25 14:47:47.4231 INFO stop button has been pressed
2020-06-25 14:47:48.1941 INFO you left the application
2020-06-25 14:54:18.2282 INFO you chose to play a song
2020-06-25 14:54:36.6181 INFO play button has been pressed
2020-06-25 14:54:45.1602 INFO play button has been pressed
2020-06-25 14:54:45.3517 INFO play button has been pressed
2020-06-25 14:54:47.2656 INFO stop button has been pressed
2020-06-25 14:55:46.2018 INFO you left the application
2020-06-25 14:56:51.8757 INFO you chose to play a song
2020-06-25 14:57:08.6787 INFO play button has been pressed
2020-06-25 14:57:12.1524 INFO play button has been pressed
2020-06-25 14:57:12.3180 INFO play button has been pressed
2020-06-25 14:57:12.4556 INFO play button has been pressed
2020-06-25 14:57:12.6212 INFO play button has been pressed
2020-06-25 14:57:13.0371 INFO skip button has been pressed
2020-06-25 14:57:14.4383 INFO stop button has been pressed
2020-06-25 14:57:15.8545 INFO play button has been pressed
2020-06-25 14:57:16.0221 INFO play button has been pressed
2020-06-25 14:57:16.1727 INFO play button has been pressed
2020-06-25 14:57:18.8655 INFO play button has been pressed
2020-06-25 14:57:20.5200 INFO you left the application
2020-06-25 15:00:52.6757 INFO you chose to play a song
2020-06-25 15:01:22.3583 INFO play button has been pressed
2020-06-25 15:01:28.2665 INFO play button has been pressed
2020-06-25 15:01:28.4261 INFO play button has been pressed
2020-06-25 15:01:49.2594 INFO you chose to play a song
2020-06-25 15:01:54.3618 INFO play button has been pressed
2020-06-25 15:01:57.0077 INFO stop button has been pressed
2020-06-25 15:01:58.0120 INFO stop button has been pressed
2020-06-25 15:01:58.7909 INFO stop button has been pressed
2020-06-25 15:02:00.3128 INFO you left the application
2020-06-25 15:14:47.5274 INFO you chose to play a song
2020-06-25 15:15:24.5534 INFO play button has been pressed
2020-06-25 15:15:30.8216 INFO play button has been pressed
2020-06-25 15:15:34.8628 INFO play button has been pressed
2020-06-25 15:15:35.0074 INFO play button has been pressed
2020-06-25 15:15:35.6268 INFO stop button has been pressed
2020-06-25 15:15:37.1736 INFO you left the application
2020-06-25 15:17:13.6656 INFO you chose to play a song
2020-06-25 15:17:21.2523 INFO play button has been pressed
2020-06-25 15:17:25.5059 INFO play button has been pressed
2020-06-25 15:17:25.6655 INFO play button has been pressed
2020-06-25 15:17:26.3985 INFO stop button has been pressed
2020-06-25 15:17:26.9152 INFO play button has been pressed
2020-06-25 15:17:27.0827 INFO play button has been pressed
2020-06-25 15:17:27.9235 INFO you left the application
2020-06-25 15:21:12.5044 INFO you chose to play a song
2020-06-25 15:21:24.7557 INFO play button has been pressed
2020-06-25 15:21:27.8492 INFO stop button has been pressed
2020-06-25 15:21:27.9800 INFO stop button has been pressed
2020-06-25 15:21:28.6089 INFO play button has been pressed
2020-06-25 15:21:45.5091 INFO you left the application
2020-06-25 15:33:47.7874 INFO you chose to play a song
2020-06-25 15:33:56.6916 INFO play button has been pressed
2020-06-25 15:34:01.0041 INFO play button has been pressed
2020-06-25 15:34:04.2344 INFO stop button has been pressed
2020-06-25 15:34:09.5043 INFO stop button has been pressed
2020-06-25 15:34:10.2024 INFO you left the application
2020-06-25 15:37:18.1792 INFO you chose to play a song
2020-06-25 15:37:23.2307 INFO play button has been pressed
2020-06-25 15:37:26.9996 INFO play button has been pressed
2020-06-25 15:37:28.8287 INFO stop button has been pressed
2020-06-25 15:37:29.1080 INFO stop button has been pressed
2020-06-25 15:37:29.2726 INFO stop button has been pressed
2020-06-25 15:37:29.8959 INFO play button has been pressed
2020-06-25 15:37:30.0605 INFO play button has been pressed
2020-06-25 15:37:30.1931 INFO play button has been pressed
2020-06-25 15:37:30.3447 INFO play button has been pressed
2020-06-25 15:37:30.6848 INFO skip button has been pressed
2020-06-25 15:37:30.8523 INFO skip button has been pressed
2020-06-25 15:37:31.5545 INFO you left the application
2020-06-25 15:39:20.7238 INFO you chose to play a song
2020-06-25 15:39:25.2128 INFO play button has been pressed
2020-06-25 15:39:28.5562 INFO stop button has been pressed
2020-06-25 15:39:29.2184 INFO play button has been pressed
2020-06-25 15:40:03.4942 INFO you left the application
2020-06-25 15:47:04.0575 INFO you chose to play a song
2020-06-25 15:47:18.8429 INFO play button has been pressed
2020-06-25 15:47:21.1438 INFO stop button has been pressed
2020-06-25 15:47:22.3911 INFO play button has been pressed
2020-06-25 15:47:23.5252 INFO stop button has been pressed
2020-06-25 15:47:23.6928 INFO stop button has been pressed
2020-06-25 15:47:23.8404 INFO stop button has been pressed
2020-06-25 15:47:23.9960 INFO stop button has been pressed
2020-06-25 15:47:24.4607 INFO play button has been pressed
2020-06-25 15:47:30.2959 INFO stop button has been pressed
2020-06-25 15:47:30.4544 INFO stop button has been pressed
2020-06-25 15:47:30.5821 INFO stop button has been pressed
2020-06-25 15:47:30.9581 INFO play button has been pressed
2020-06-25 15:47:31.7983 INFO stop button has been pressed
2020-06-25 15:47:31.9579 INFO stop button has been pressed
2020-06-25 15:47:32.4027 INFO play button has been pressed
2020-06-25 15:47:33.0116 INFO stop button has been pressed
2020-06-25 15:47:33.1552 INFO stop button has been pressed
2020-06-25 15:47:34.8916 INFO play button has been pressed
2020-06-25 15:47:35.8311 INFO stop button has been pressed
2020-06-25 15:47:35.9708 INFO stop button has been pressed
2020-06-25 15:47:37.3192 INFO play button has been pressed
2020-06-25 15:47:38.4447 INFO stop button has been pressed
2020-06-25 15:47:38.6073 INFO stop button has been pressed
2020-06-25 15:47:38.7678 INFO stop button has been pressed
2020-06-25 15:47:38.8885 INFO stop button has been pressed
2020-06-25 15:47:39.2954 INFO play button has been pressed
2020-06-25 15:47:40.4139 INFO you left the application
2020-06-25 22:37:51.9696 INFO you chose to play a song
2020-06-25 22:39:46.6327 INFO play button has been pressed
2020-06-25 22:39:50.3046 INFO stop button has been pressed
2020-06-25 22:39:50.5195 INFO stop button has been pressed
2020-06-25 22:39:51.6674 INFO play button has been pressed
2020-06-25 22:39:52.8365 INFO stop button has been pressed
2020-06-25 22:39:53.0499 INFO stop button has been pressed
2020-06-25 22:39:54.5784 INFO you left the application
2020-06-25 23:09:49.5835 INFO you chose to play a song
2020-06-25 23:11:07.2449 INFO play button has been pressed
2020-06-25 23:11:15.5806 INFO stop button has been pressed
2020-06-25 23:11:15.7361 INFO stop button has been pressed
2020-06-25 23:11:15.9516 INFO stop button has been pressed
2020-06-25 23:11:17.0506 INFO play button has been pressed
2020-06-25 23:11:24.6184 INFO you left the application
2020-06-25 23:12:08.6417 INFO you chose to play a song
2020-06-25 23:12:22.2263 INFO play button has been pressed
2020-06-25 23:12:26.4351 INFO play button has been pressed
2020-06-25 23:12:26.5637 INFO play button has been pressed
2020-06-25 23:12:26.7792 INFO play button has been pressed
2020-06-25 23:12:28.3480 INFO stop button has been pressed
2020-06-25 23:12:28.5624 INFO stop button has been pressed
2020-06-25 23:12:29.7762 INFO you left the application
2020-06-25 23:12:51.7973 INFO you chose to play a song
2020-06-25 23:12:56.8019 INFO play button has been pressed
2020-06-25 23:12:59.5912 INFO stop button has been pressed
2020-06-25 23:12:59.8056 INFO stop button has been pressed
2020-06-25 23:13:01.8472 INFO play button has been pressed
2020-06-25 23:13:03.6025 INFO stop button has been pressed
2020-06-25 23:13:03.7591 INFO stop button has been pressed
2020-06-25 23:13:03.9735 INFO stop button has been pressed
2020-06-25 23:13:04.8089 INFO play button has been pressed
2020-06-25 23:13:06.0147 INFO stop button has been pressed
2020-06-25 23:13:06.1898 INFO stop button has been pressed
2020-06-25 23:13:06.3863 INFO stop button has been pressed
2020-06-25 23:13:07.5432 INFO play button has been pressed
2020-06-25 23:13:08.3421 INFO skip button has been pressed
2020-06-25 23:13:08.5196 INFO skip button has been pressed
2020-06-25 23:13:08.6762 INFO skip button has been pressed
2020-06-25 23:13:08.8477 INFO skip button has been pressed
2020-06-25 23:13:09.1976 INFO skip button has been pressed
2020-06-25 23:13:09.5471 INFO skip button has been pressed
2020-06-25 23:13:09.6967 INFO skip button has been pressed
2020-06-25 23:13:10.8233 INFO stop button has been pressed
2020-06-25 23:13:10.9803 INFO stop button has been pressed
2020-06-25 23:13:12.1522 INFO play button has been pressed
2020-06-25 23:13:13.5235 INFO you chose to play a song
2020-06-25 23:13:16.0705 INFO play button has been pressed
2020-06-25 23:13:16.2849 INFO play button has been pressed
2020-06-25 23:13:20.8598 INFO play button has been pressed
2020-06-25 23:13:22.7857 INFO stop button has been pressed
2020-06-25 23:13:23.0006 INFO stop button has been pressed
2020-06-25 23:13:24.3495 INFO you left the application
2020-06-25 23:14:51.2712 INFO you chose to play a song
2020-06-25 23:14:59.5969 INFO play button has been pressed
2020-06-25 23:15:02.1523 INFO stop button has been pressed
2020-06-25 23:15:02.3674 INFO stop button has been pressed
2020-06-25 23:15:03.4458 INFO play button has been pressed
2020-06-25 23:15:04.9314 INFO stop button has been pressed
2020-06-25 23:15:05.0797 INFO stop button has been pressed
2020-06-25 23:15:06.0861 INFO play button has been pressed
2020-06-25 23:15:08.3631 INFO stop button has been pressed
2020-06-25 23:15:08.4908 INFO stop button has been pressed
2020-06-25 23:15:08.6414 INFO stop button has been pressed
2020-06-25 23:15:09.8441 INFO play button has been pressed
2020-06-25 23:15:11.4181 INFO stop button has been pressed
2020-06-25 23:15:11.5665 INFO stop button has been pressed
2020-06-25 23:15:14.1226 INFO play button has been pressed
2020-06-25 23:15:15.4361 INFO you left the application
2020-06-25 23:17:45.6677 INFO you chose to play a song
2020-06-25 23:17:50.7900 INFO play button has been pressed
2020-06-25 23:17:53.1671 INFO stop button has been pressed
2020-06-25 23:17:54.3444 INFO play button has been pressed
2020-06-25 23:17:56.1778 INFO stop button has been pressed
2020-06-25 23:17:56.3205 INFO stop button has been pressed
2020-06-25 23:17:57.3767 INFO play button has been pressed
2020-06-25 23:17:58.7408 INFO you left the application
2020-06-25 23:18:10.3542 INFO you chose to play a song
2020-06-25 23:18:16.3023 INFO play button has been pressed
2020-06-25 23:18:18.3718 INFO play button has been pressed
2020-06-25 23:18:18.5344 INFO play button has been pressed
2020-06-25 23:18:18.6351 INFO play button has been pressed
2020-06-25 23:18:18.8505 INFO play button has been pressed
2020-06-25 23:18:20.2568 INFO play button has been pressed
2020-06-25 23:18:29.1619 INFO play button has been pressed
2020-06-25 23:18:29.3754 INFO play button has been pressed
2020-06-25 23:18:30.1822 INFO stop button has been pressed
2020-06-25 23:18:31.6174 INFO you left the application
2020-06-25 23:20:25.5923 INFO you chose to play a song
2020-06-25 23:20:31.5504 INFO play button has been pressed
2020-06-25 23:20:34.5133 INFO stop button has been pressed
2020-06-25 23:20:34.7268 INFO stop button has been pressed
2020-06-25 23:20:35.8548 INFO play button has been pressed
2020-06-25 23:20:38.9455 INFO stop button has been pressed
2020-06-25 23:20:40.1034 INFO play button has been pressed
2020-06-25 23:20:41.8430 INFO play button has been pressed
2020-06-25 23:20:57.9978 INFO stop button has been pressed
2020-06-25 23:20:59.1726 INFO play button has been pressed
2020-06-25 23:21:00.7494 INFO you left the application
2020-06-25 23:22:06.4578 INFO you chose to play a song
2020-06-25 23:22:18.2572 INFO play button has been pressed
2020-06-25 23:22:20.8405 INFO stop button has been pressed
2020-06-25 23:22:20.8784 INFO play button has been pressed
2020-06-25 23:22:21.9545 INFO stop button has been pressed
2020-06-25 23:22:21.9655 INFO play button has been pressed
2020-06-25 23:22:22.9596 INFO stop button has been pressed
2020-06-25 23:22:22.9596 INFO play button has been pressed
2020-06-25 23:22:23.1221 INFO stop button has been pressed
2020-06-25 23:22:23.1620 INFO play button has been pressed
2020-06-25 23:22:23.2727 INFO stop button has been pressed
2020-06-25 23:22:23.2927 INFO play button has been pressed
2020-06-25 23:22:23.4074 INFO stop button has been pressed
2020-06-25 23:22:23.4253 INFO play button has been pressed
2020-06-25 23:22:23.5909 INFO stop button has been pressed
2020-06-25 23:22:23.6039 INFO play button has been pressed
2020-06-25 23:22:23.7222 INFO stop button has been pressed
2020-06-25 23:22:23.7222 INFO play button has been pressed
2020-06-25 23:22:23.8648 INFO stop button has been pressed
2020-06-25 23:22:23.8648 INFO play button has been pressed
2020-06-25 23:22:24.0154 INFO stop button has been pressed
2020-06-25 23:22:24.0314 INFO play button has been pressed
2020-06-25 23:22:24.1391 INFO stop button has been pressed
2020-06-25 23:22:24.1551 INFO play button has been pressed
2020-06-25 23:22:24.3515 INFO stop button has been pressed
2020-06-25 23:22:24.3685 INFO play button has been pressed
2020-06-25 23:22:25.4432 INFO play button has been pressed
2020-06-25 23:22:26.5133 INFO stop button has been pressed
2020-06-25 23:22:26.5283 INFO play button has been pressed
2020-06-25 23:22:27.5695 INFO stop button has been pressed
2020-06-25 23:22:27.5904 INFO play button has been pressed
2020-06-25 23:22:28.7331 INFO stop button has been pressed
2020-06-25 23:22:28.7550 INFO play button has been pressed
2020-06-25 23:22:29.3974 INFO stop button has been pressed
2020-06-25 23:22:29.4662 INFO play button has been pressed
2020-06-25 23:22:31.3179 INFO you left the application
