2020-06-26 00:14:15.0048 INFO you chose to play a song
2020-06-26 00:14:45.8951 INFO play button has been pressed
2020-06-26 00:14:50.2161 INFO stop button has been pressed
2020-06-26 00:14:50.8215 INFO stop button has been pressed
2020-06-26 00:14:51.3850 INFO play button has been pressed
2020-06-26 00:14:52.7662 INFO stop button has been pressed
2020-06-26 00:14:52.9457 INFO stop button has been pressed
2020-06-26 00:14:53.5052 INFO play button has been pressed
2020-06-26 00:15:55.0073 INFO play button has been pressed
2020-06-26 00:15:58.4531 INFO play button has been pressed
2020-06-26 00:15:58.6037 INFO play button has been pressed
2020-06-26 00:16:00.8796 INFO play button has been pressed
2020-06-26 00:16:01.4122 INFO stop button has been pressed
2020-06-26 00:16:02.1882 INFO play button has been pressed
2020-06-26 00:16:03.5536 INFO you chose to play a song
2020-06-26 00:16:07.4142 INFO play button has been pressed
2020-06-26 00:16:08.0505 INFO you chose to play a song
2020-06-26 00:16:11.9112 INFO play button has been pressed
2020-06-26 00:16:12.0658 INFO play button has been pressed
2020-06-26 00:16:12.2304 INFO play button has been pressed
2020-06-26 00:16:12.9315 INFO stop button has been pressed
2020-06-26 00:16:14.0166 INFO you left the application
2020-06-26 11:13:42.3949 INFO you chose to play a song
2020-06-26 11:14:24.0146 INFO play button has been pressed
2020-06-26 11:14:26.4132 INFO play button has been pressed
2020-06-26 11:14:27.7396 INFO stop button has been pressed
2020-06-26 11:14:41.4589 INFO stop button has been pressed
2020-06-26 11:14:42.7744 INFO you left the application
2020-06-26 11:15:02.0200 INFO you chose to play a song
2020-06-26 11:15:08.4269 INFO play button has been pressed
2020-06-26 11:15:11.6913 INFO stop button has been pressed
2020-06-26 11:15:12.0992 INFO stop button has been pressed
2020-06-26 11:15:12.2478 INFO stop button has been pressed
2020-06-26 11:15:12.6528 INFO play button has been pressed
2020-06-26 11:15:18.3813 INFO play button has been pressed
2020-06-26 11:15:18.6107 INFO play button has been pressed
2020-06-26 11:15:19.0256 INFO stop button has been pressed
2020-06-26 11:15:20.1207 INFO play button has been pressed
2020-06-26 11:15:21.5185 INFO stop button has been pressed
2020-06-26 11:15:21.6911 INFO stop button has been pressed
2020-06-26 11:15:21.8466 INFO stop button has been pressed
2020-06-26 11:15:21.9623 INFO stop button has been pressed
2020-06-26 11:15:22.1010 INFO stop button has been pressed
2020-06-26 11:15:22.2575 INFO stop button has been pressed
2020-06-26 11:15:22.4012 INFO stop button has been pressed
2020-06-26 11:15:22.5498 INFO stop button has been pressed
2020-06-26 11:15:22.9307 INFO play button has been pressed
2020-06-26 11:15:40.6198 INFO play button has been pressed
2020-06-26 11:15:40.7749 INFO play button has been pressed
2020-06-26 11:15:40.9036 INFO play button has been pressed
2020-06-26 11:16:32.2197 INFO stop button has been pressed
2020-06-26 11:16:32.3872 INFO stop button has been pressed
2020-06-26 11:16:33.0684 INFO play button has been pressed
2020-06-26 11:16:35.6285 INFO stop button has been pressed
2020-06-26 11:16:35.7971 INFO stop button has been pressed
2020-06-26 11:16:35.9367 INFO stop button has been pressed
2020-06-26 11:16:36.2928 INFO play button has been pressed
2020-06-26 11:17:53.3747 INFO play button has been pressed
2020-06-26 11:17:56.7317 INFO stop button has been pressed
2020-06-26 11:17:56.9432 INFO stop button has been pressed
2020-06-26 11:17:57.4019 INFO play button has been pressed
2020-06-26 11:17:58.7753 INFO play button has been pressed
2020-06-26 11:17:58.9358 INFO play button has been pressed
2020-06-26 11:17:59.0635 INFO play button has been pressed
2020-06-26 11:17:59.2101 INFO play button has been pressed
2020-06-26 11:17:59.9930 INFO you left the application
2020-06-26 11:19:26.7401 INFO you chose to play a song
2020-06-26 11:19:32.1317 INFO play button has been pressed
2020-06-26 11:19:34.1568 INFO stop button has been pressed
2020-06-26 11:19:34.3363 INFO stop button has been pressed
2020-06-26 11:19:34.8131 INFO play button has been pressed
2020-06-26 11:19:35.2882 INFO skip button has been pressed
2020-06-26 11:19:35.6882 INFO skip button has been pressed
2020-06-26 11:19:35.8637 INFO play button has been pressed
2020-06-26 11:19:36.0323 INFO skip button has been pressed
2020-06-26 11:19:36.1599 INFO skip button has been pressed
2020-06-26 11:19:43.0275 INFO stop button has been pressed
2020-06-26 11:19:43.5591 INFO stop button has been pressed
2020-06-26 11:19:43.8273 INFO stop button has been pressed
2020-06-26 11:19:43.9959 INFO stop button has been pressed
2020-06-26 11:19:44.4397 INFO play button has been pressed
2020-06-26 11:19:58.8355 INFO stop button has been pressed
2020-06-26 11:19:58.9829 INFO stop button has been pressed
2020-06-26 11:19:59.1385 INFO stop button has been pressed
2020-06-26 11:19:59.7489 INFO you left the application
2020-06-26 11:20:07.1122 INFO you chose to play a song
2020-06-26 11:20:13.6667 INFO stop button has been pressed
2020-06-26 11:20:17.2052 INFO you chose to play a song
2020-06-26 11:20:21.4219 INFO play button has been pressed
2020-06-26 11:20:47.1500 INFO stop button has been pressed
2020-06-26 11:22:13.0752 INFO stop button has been pressed
2020-06-26 11:22:15.6274 INFO you chose to play a song
2020-06-26 11:22:18.0210 INFO play button has been pressed
2020-06-26 11:22:22.4377 INFO play button has been pressed
2020-06-26 11:23:39.1726 INFO stop button has been pressed
2020-06-26 11:23:39.3312 INFO stop button has been pressed
2020-06-26 11:23:39.4908 INFO stop button has been pressed
2020-06-26 11:23:39.6474 INFO stop button has been pressed
2020-06-26 11:23:39.9516 INFO stop button has been pressed
2020-06-26 11:23:41.9313 INFO play button has been pressed
2020-06-26 11:23:44.1967 INFO stop button has been pressed
2020-06-26 11:23:44.3443 INFO stop button has been pressed
2020-06-26 11:23:45.0534 INFO you left the application
2020-06-26 11:26:13.8610 INFO you chose to play a song
2020-06-26 11:26:18.4996 INFO play button has been pressed
2020-06-26 11:26:20.2138 INFO stop button has been pressed
2020-06-26 11:26:20.3904 INFO stop button has been pressed
2020-06-26 11:26:20.7544 INFO play button has been pressed
2020-06-26 11:26:27.2420 INFO play button has been pressed
2020-06-26 11:26:27.6890 INFO play button has been pressed
2020-06-26 11:26:27.8723 INFO play button has been pressed
2020-06-26 11:26:28.0283 INFO play button has been pressed
2020-06-26 11:26:28.2123 INFO play button has been pressed
2020-06-26 11:26:28.3839 INFO play button has been pressed
2020-06-26 11:26:28.5485 INFO play button has been pressed
2020-06-26 11:26:28.7090 INFO play button has been pressed
2020-06-26 11:26:28.9125 INFO play button has been pressed
2020-06-26 11:26:29.1163 INFO play button has been pressed
2020-06-26 11:26:29.2928 INFO play button has been pressed
2020-06-26 11:26:29.5083 INFO play button has been pressed
2020-06-26 11:26:36.5996 INFO stop button has been pressed
2020-06-26 11:26:37.4932 INFO you left the application
2020-06-26 11:47:28.3430 INFO you chose to play a song
2020-06-26 11:47:53.6878 INFO play button has been pressed
2020-06-26 11:48:02.4092 INFO play button has been pressed
2020-06-26 11:48:02.8720 INFO stop button has been pressed
2020-06-26 11:48:03.2906 INFO play button has been pressed
2020-06-26 11:48:06.9607 INFO you left the application
2020-06-26 11:49:31.0381 INFO you chose to play a song
2020-06-26 11:49:42.3670 INFO play button has been pressed
2020-06-26 11:49:54.3508 INFO play button has been pressed
2020-06-26 11:49:54.5189 INFO play button has been pressed
2020-06-26 11:49:56.7922 INFO you left the application
2020-06-26 11:56:43.7318 INFO you chose to play a song
2020-06-26 11:57:04.1173 INFO play button has been pressed
2020-06-26 11:57:06.3197 INFO skip button has been pressed
2020-06-26 11:57:06.9221 INFO stop button has been pressed
2020-06-26 11:57:07.1650 INFO stop button has been pressed
2020-06-26 11:57:07.5181 INFO play button has been pressed
2020-06-26 11:57:08.3346 INFO stop button has been pressed
2020-06-26 11:57:08.5021 INFO stop button has been pressed
2020-06-26 11:57:08.8103 INFO play button has been pressed
2020-06-26 11:57:09.8078 INFO you left the application
2020-06-26 12:02:33.6925 INFO you chose to play a song
2020-06-26 12:03:09.3382 INFO play button has been pressed
2020-06-26 12:03:12.5291 INFO stop button has been pressed
2020-06-26 12:03:13.3898 INFO play button has been pressed
2020-06-26 12:03:13.4587 INFO play button has been pressed
2020-06-26 12:03:13.5125 INFO play button has been pressed
2020-06-26 12:03:13.5404 INFO play button has been pressed
2020-06-26 12:03:14.8725 INFO stop button has been pressed
2020-06-26 12:03:15.5138 INFO play button has been pressed
2020-06-26 12:03:15.7751 INFO play button has been pressed
2020-06-26 12:03:15.8499 INFO play button has been pressed
2020-06-26 12:03:15.8549 INFO play button has been pressed
2020-06-26 12:03:16.6704 INFO play button has been pressed
2020-06-26 12:03:16.7701 INFO play button has been pressed
2020-06-26 12:03:16.7751 INFO play button has been pressed
2020-06-26 12:03:16.7751 INFO play button has been pressed
2020-06-26 12:03:17.0394 INFO play button has been pressed
2020-06-26 12:03:17.0603 INFO play button has been pressed
2020-06-26 12:03:17.0603 INFO play button has been pressed
2020-06-26 12:03:17.0703 INFO play button has been pressed
2020-06-26 12:03:17.9455 INFO stop button has been pressed
2020-06-26 12:03:19.7676 INFO you left the application
2020-06-26 12:11:01.3027 INFO you chose to play a song
2020-06-26 12:11:12.7571 INFO play button has been pressed
2020-06-26 12:11:17.8096 INFO play button has been pressed
2020-06-26 12:11:19.2208 INFO stop button has been pressed
2020-06-26 12:11:20.3388 INFO you left the application
2020-06-26 12:15:45.9101 INFO you chose to play a song
2020-06-26 12:15:51.3485 INFO play button has been pressed
2020-06-26 12:15:54.6930 INFO stop button has been pressed
2020-06-26 12:15:55.2854 INFO play button has been pressed
2020-06-26 12:16:17.7354 INFO you left the application
2020-06-26 12:16:40.4785 INFO you chose to play a song
2020-06-26 12:16:44.7262 INFO play button has been pressed
2020-06-26 12:16:47.4399 INFO play button has been pressed
2020-06-26 12:16:49.5513 INFO play button has been pressed
2020-06-26 12:16:49.7078 INFO play button has been pressed
2020-06-26 12:16:50.6194 INFO play button has been pressed
2020-06-26 12:16:50.9395 INFO skip button has been pressed
2020-06-26 12:16:51.6107 INFO stop button has been pressed
2020-06-26 12:16:52.0276 INFO stop button has been pressed
2020-06-26 12:16:53.2534 INFO you left the application
2020-06-26 12:19:54.2407 INFO you chose to play a song
2020-06-26 12:19:58.7526 INFO play button has been pressed
2020-06-26 12:20:05.8227 INFO play button has been pressed
2020-06-26 12:20:07.5461 INFO stop button has been pressed
2020-06-26 12:20:13.5131 INFO you left the application
2020-06-26 12:21:28.3869 INFO you chose to play a song
2020-06-26 12:21:32.6455 INFO play button has been pressed
2020-06-26 12:21:34.9217 INFO stop button has been pressed
2020-06-26 12:21:35.1022 INFO stop button has been pressed
2020-06-26 12:21:35.5460 INFO play button has been pressed
2020-06-26 12:21:36.5145 INFO stop button has been pressed
2020-06-26 12:21:36.6581 INFO stop button has been pressed
2020-06-26 12:21:36.7938 INFO stop button has been pressed
2020-06-26 12:21:36.9294 INFO stop button has been pressed
2020-06-26 12:21:37.4171 INFO play button has been pressed
2020-06-26 12:29:46.4659 INFO play button has been pressed
2020-06-26 12:29:50.2139 INFO stop button has been pressed
2020-06-26 12:29:52.0570 INFO you left the application
2020-06-26 12:47:34.7005 INFO you chose to play a song
2020-06-26 12:48:03.3131 INFO play button has been pressed
2020-06-26 12:48:09.1743 INFO stop button has been pressed
2020-06-26 12:48:09.2900 INFO stop button has been pressed
2020-06-26 12:48:09.7668 INFO play button has been pressed
2020-06-26 12:48:10.4623 INFO stop button has been pressed
2020-06-26 12:48:10.6279 INFO stop button has been pressed
2020-06-26 12:48:10.7536 INFO stop button has been pressed
2020-06-26 12:48:11.1555 INFO play button has been pressed
2020-06-26 12:48:12.4571 INFO skip button has been pressed
2020-06-26 12:48:12.6127 INFO skip button has been pressed
2020-06-26 12:48:12.9165 INFO you chose to play a song
2020-06-26 12:48:16.0877 INFO play button has been pressed
2020-06-26 12:48:17.0123 INFO stop button has been pressed
2020-06-26 12:48:17.5475 INFO stop button has been pressed
2020-06-26 12:48:18.3832 INFO you left the application
