2020-06-24 21:22:06.5381 INFO play button has been pressed
2020-06-24 21:22:09.7125 INFO stop button has been pressed
2020-06-24 21:22:10.2182 INFO stop button has been pressed
2020-06-24 21:22:10.3988 INFO stop button has been pressed
2020-06-24 21:22:10.5344 INFO stop button has been pressed
2020-06-24 21:22:12.3695 INFO play button has been pressed
2020-06-24 21:22:48.7463 INFO stop button has been pressed
2020-06-24 21:22:48.8915 INFO stop button has been pressed
2020-06-24 21:36:30.6647 INFO you chose to play a song
2020-06-24 21:36:52.5482 INFO play button has been pressed
2020-06-24 21:36:56.3290 INFO play button has been pressed
2020-06-24 21:36:57.1000 INFO stop button has been pressed
2020-06-24 21:36:57.2680 INFO stop button has been pressed
2020-06-24 21:36:58.6000 INFO play button has been pressed
2020-06-24 21:37:09.4576 INFO play button has been pressed
2020-06-24 21:37:11.6926 INFO you left the application
2020-06-24 22:18:12.1872 INFO you chose to play a song
2020-06-24 22:18:33.7994 INFO play button has been pressed
2020-06-24 22:18:36.2806 INFO stop button has been pressed
2020-06-24 22:18:36.5049 INFO stop button has been pressed
2020-06-24 22:18:36.6170 INFO stop button has been pressed
2020-06-24 22:18:37.1306 INFO play button has been pressed
2020-06-24 22:18:38.1058 INFO stop button has been pressed
2020-06-24 22:18:38.3850 INFO stop button has been pressed
2020-06-24 22:18:40.2241 INFO play button has been pressed
2020-06-24 22:18:41.0694 INFO play button has been pressed
2020-06-24 22:18:41.2489 INFO play button has been pressed
2020-06-24 22:18:42.7771 INFO play button has been pressed
2020-06-24 22:18:44.9334 INFO stop button has been pressed
2020-06-24 22:18:45.0855 INFO stop button has been pressed
2020-06-24 22:18:45.2337 INFO stop button has been pressed
2020-06-24 22:18:45.6247 INFO play button has been pressed
2020-06-24 22:18:47.9313 INFO stop button has been pressed
2020-06-24 22:18:48.1098 INFO stop button has been pressed
2020-06-24 22:18:48.4738 INFO play button has been pressed
2020-06-24 22:18:56.2585 INFO stop button has been pressed
2020-06-24 22:18:56.4101 INFO stop button has been pressed
2020-06-24 22:18:56.6131 INFO stop button has been pressed
2020-06-24 22:18:59.1134 INFO play button has been pressed
2020-06-24 22:19:00.4224 INFO stop button has been pressed
2020-06-24 22:19:05.7331 INFO stop button has been pressed
2020-06-24 22:19:06.2637 INFO play button has been pressed
2020-06-24 22:19:07.2068 INFO you left the application
2020-06-24 22:19:51.9970 INFO you chose to play a song
2020-06-24 22:22:49.2964 INFO you chose to play a song
2020-06-24 22:23:42.9450 INFO you chose to play a song
2020-06-24 22:24:40.8910 INFO you chose to play a song
2020-06-24 22:24:46.0452 INFO play button has been pressed
2020-06-24 22:24:48.6836 INFO play button has been pressed
2020-06-24 22:24:49.3139 INFO stop button has been pressed
2020-06-24 22:24:49.4775 INFO stop button has been pressed
2020-06-24 22:24:52.1817 INFO play button has been pressed
2020-06-24 22:24:54.2803 INFO stop button has been pressed
2020-06-24 22:24:55.6467 INFO play button has been pressed
2020-06-24 22:24:57.2323 INFO play button has been pressed
2020-06-24 22:24:58.6760 INFO play button has been pressed
2020-06-24 22:24:58.8406 INFO play button has been pressed
2020-06-24 22:24:59.2325 INFO stop button has been pressed
2020-06-24 22:24:59.6480 INFO play button has been pressed
2020-06-24 22:25:00.9093 INFO you left the application
2020-06-24 22:28:15.8516 INFO you chose to play a song
2020-06-24 22:28:19.0301 INFO play button has been pressed
2020-06-24 22:28:21.2231 INFO stop button has been pressed
2020-06-24 22:28:21.7512 INFO play button has been pressed
2020-06-24 22:28:22.7805 INFO you left the application
2020-06-24 22:35:36.7005 INFO you left the application
2020-06-24 22:46:59.1650 INFO play button has been pressed
2020-06-24 22:47:01.4439 INFO you chose to play a song
2020-06-24 22:47:20.2506 INFO play button has been pressed
2020-06-24 22:47:23.5407 INFO stop button has been pressed
2020-06-24 22:47:26.1293 INFO play button has been pressed
2020-06-24 22:47:27.4138 INFO stop button has been pressed
2020-06-24 22:47:27.5813 INFO stop button has been pressed
2020-06-24 22:47:29.0684 INFO play button has been pressed
2020-06-24 22:47:31.4574 INFO stop button has been pressed
2020-06-24 22:47:36.1290 INFO play button has been pressed
2020-06-24 22:47:37.0070 INFO stop button has been pressed
2020-06-24 22:47:37.1750 INFO stop button has been pressed
2020-06-24 22:47:37.3117 INFO stop button has been pressed
2020-06-24 22:47:38.5793 INFO play button has been pressed
2020-06-24 22:47:52.2901 INFO stop button has been pressed
2020-06-24 22:47:52.4531 INFO stop button has been pressed
2020-06-24 22:47:52.6057 INFO stop button has been pressed
2020-06-24 22:47:53.8265 INFO play button has been pressed
2020-06-24 22:47:57.0533 INFO you left the application
2020-06-24 22:48:52.5621 INFO you chose to play a song
2020-06-24 22:49:08.5523 INFO play button has been pressed
2020-06-24 22:49:25.4405 INFO play button has been pressed
2020-06-24 22:49:25.7827 INFO play button has been pressed
2020-06-24 22:49:27.1863 INFO stop button has been pressed
2020-06-24 22:51:15.7468 INFO you left the application
2020-06-24 22:58:43.4291 INFO you chose to play a song
2020-06-24 22:58:48.9484 INFO play button has been pressed
2020-06-24 22:58:50.9655 INFO stop button has been pressed
2020-06-24 22:58:51.5494 INFO play button has been pressed
2020-06-24 22:58:52.1294 INFO stop button has been pressed
2020-06-24 22:58:52.3054 INFO stop button has been pressed
2020-06-24 22:58:53.5052 INFO play button has been pressed
2020-06-24 22:58:54.2584 INFO stop button has been pressed
2020-06-24 22:58:54.4130 INFO stop button has been pressed
2020-06-24 22:58:56.8574 INFO play button has been pressed
2020-06-24 22:58:57.6908 INFO stop button has been pressed
2020-06-24 22:58:57.8464 INFO stop button has been pressed
2020-06-24 22:58:58.7240 INFO you left the application
2020-06-24 23:11:20.6967 INFO you chose to play a song
2020-06-24 23:11:42.3268 INFO play button has been pressed
2020-06-24 23:11:43.4578 INFO play button has been pressed
2020-06-24 23:11:45.1618 INFO stop button has been pressed
2020-06-24 23:11:51.5064 INFO play button has been pressed
2020-06-24 23:11:53.9347 INFO stop button has been pressed
2020-06-24 23:11:54.4689 INFO play button has been pressed
2020-06-24 23:12:12.5490 INFO play button has been pressed
2020-06-24 23:12:14.8752 INFO play button has been pressed
2020-06-24 23:12:48.3609 INFO stop button has been pressed
2020-06-24 23:12:49.5298 INFO you left the application
2020-06-24 23:13:45.4176 INFO you chose to play a song
2020-06-24 23:13:50.6875 INFO play button has been pressed
2020-06-24 23:13:51.7786 INFO play button has been pressed
2020-06-24 23:13:53.0393 INFO stop button has been pressed
2020-06-24 23:13:53.2552 INFO stop button has been pressed
2020-06-24 23:13:53.8855 INFO play button has been pressed
2020-06-24 23:13:54.9471 INFO stop button has been pressed
2020-06-24 23:13:55.7041 INFO play button has been pressed
2020-06-24 23:13:57.3274 INFO stop button has been pressed
2020-06-24 23:13:59.7895 INFO play button has been pressed
2020-06-24 23:14:00.6533 INFO play button has been pressed
2020-06-24 23:14:01.7745 INFO play button has been pressed
2020-06-24 23:14:02.7729 INFO stop button has been pressed
2020-06-24 23:14:03.3509 INFO play button has been pressed
2020-06-24 23:14:04.7090 INFO stop button has been pressed
2020-06-24 23:14:05.4988 INFO you left the application
2020-06-24 23:14:25.6200 INFO you chose to play a song
2020-06-24 23:14:31.0694 INFO play button has been pressed
2020-06-24 23:14:35.5420 INFO stop button has been pressed
2020-06-24 23:14:36.7620 INFO play button has been pressed
2020-06-24 23:14:37.8318 INFO you left the application
2020-06-24 23:17:08.5543 INFO you chose to play a song
2020-06-24 23:17:12.9196 INFO play button has been pressed
2020-06-24 23:17:16.3434 INFO play button has been pressed
2020-06-24 23:17:18.0449 INFO stop button has been pressed
2020-06-24 23:17:19.8840 INFO stop button has been pressed
2020-06-24 23:17:21.7231 INFO you left the application
2020-06-24 23:18:40.3251 INFO you chose to play a song
2020-06-24 23:19:34.4942 INFO you chose to play a song
2020-06-24 23:20:21.3788 INFO you chose to play a song
2020-06-24 23:20:28.3452 INFO play button has been pressed
2020-06-24 23:20:30.3979 INFO stop button has been pressed
2020-06-24 23:20:32.1821 INFO play button has been pressed
2020-06-24 23:20:33.3306 INFO stop button has been pressed
2020-06-24 23:20:33.4982 INFO stop button has been pressed
2020-06-24 23:20:33.6189 INFO stop button has been pressed
2020-06-24 23:20:35.0361 INFO play button has been pressed
2020-06-24 23:20:35.7387 INFO stop button has been pressed
2020-06-24 23:20:35.9142 INFO stop button has been pressed
2020-06-24 23:20:36.0947 INFO stop button has been pressed
2020-06-24 23:20:37.9897 INFO you left the application
2020-06-24 23:21:18.6499 INFO you chose to play a song
2020-06-24 23:21:24.2460 INFO play button has been pressed
2020-06-24 23:21:26.2392 INFO stop button has been pressed
2020-06-24 23:21:27.1832 INFO stop button has been pressed
2020-06-24 23:21:27.3593 INFO stop button has been pressed
2020-06-24 23:21:28.3561 INFO stop button has been pressed
2020-06-24 23:21:28.5209 INFO stop button has been pressed
2020-06-24 23:21:28.6890 INFO stop button has been pressed
2020-06-24 23:21:30.5079 INFO stop button has been pressed
2020-06-24 23:21:31.3726 INFO play button has been pressed
2020-06-24 23:21:35.8723 INFO play button has been pressed
2020-06-24 23:21:39.2694 INFO play button has been pressed
2020-06-24 23:21:40.3266 INFO stop button has been pressed
2020-06-24 23:21:40.9150 INFO play button has been pressed
2020-06-24 23:21:41.0706 INFO play button has been pressed
2020-06-24 23:21:42.3741 INFO play button has been pressed
2020-06-24 23:21:43.4443 INFO you left the application
2020-06-24 23:25:51.6188 INFO you chose to play a song
2020-06-24 23:25:57.2398 INFO skip button has been pressed
2020-06-24 23:25:59.1836 INFO play button has been pressed
2020-06-24 23:26:01.0566 INFO skip button has been pressed
2020-06-24 23:26:02.6460 INFO skip button has been pressed
2020-06-24 23:26:02.8810 INFO skip button has been pressed
2020-06-24 23:26:03.0206 INFO skip button has been pressed
2020-06-24 23:26:03.2028 INFO skip button has been pressed
2020-06-24 23:26:03.6717 INFO skip button has been pressed
2020-06-24 23:26:03.7704 INFO skip button has been pressed
2020-06-24 23:26:04.1185 INFO stop button has been pressed
2020-06-24 23:26:04.8467 INFO play button has been pressed
2020-06-24 23:26:05.3574 INFO skip button has been pressed
2020-06-24 23:26:05.6059 INFO skip button has been pressed
2020-06-24 23:26:05.8223 INFO skip button has been pressed
2020-06-24 23:26:06.0767 INFO skip button has been pressed
2020-06-24 23:26:06.2672 INFO skip button has been pressed
2020-06-24 23:26:06.5135 INFO skip button has been pressed
2020-06-24 23:26:06.7539 INFO skip button has been pressed
2020-06-24 23:26:06.9450 INFO skip button has been pressed
2020-06-24 23:26:07.6980 INFO you chose to play a song
2020-06-24 23:26:09.7793 INFO play button has been pressed
2020-06-24 23:26:10.5786 INFO skip button has been pressed
2020-06-24 23:26:10.7352 INFO skip button has been pressed
2020-06-24 23:26:10.8907 INFO skip button has been pressed
2020-06-24 23:26:11.0463 INFO skip button has been pressed
2020-06-24 23:26:11.1990 INFO skip button has been pressed
2020-06-24 23:26:11.3546 INFO skip button has been pressed
2020-06-24 23:26:11.6238 INFO skip button has been pressed
2020-06-24 23:26:12.5600 INFO you left the application
2020-06-24 23:26:42.3295 INFO you chose to play a song
2020-06-24 23:26:45.9431 INFO play button has been pressed
2020-06-24 23:26:47.7114 INFO skip button has been pressed
2020-06-24 23:26:48.6993 INFO skip button has been pressed
2020-06-24 23:26:48.8954 INFO skip button has been pressed
2020-06-24 23:26:49.0669 INFO skip button has been pressed
2020-06-24 23:26:49.2395 INFO skip button has been pressed
2020-06-24 23:26:49.3961 INFO skip button has been pressed
2020-06-24 23:26:49.7321 INFO stop button has been pressed
2020-06-24 23:26:50.2473 INFO skip button has been pressed
2020-06-24 23:26:51.6207 INFO stop button has been pressed
2020-06-24 23:26:52.0994 INFO play button has been pressed
2020-06-24 23:26:54.2923 INFO skip button has been pressed
2020-06-24 23:26:54.4848 INFO skip button has been pressed
2020-06-24 23:26:54.6484 INFO skip button has been pressed
2020-06-24 23:26:54.8050 INFO skip button has been pressed
2020-06-24 23:26:55.4442 INFO stop button has been pressed
2020-06-24 23:26:55.9166 INFO skip button has been pressed
2020-06-24 23:26:56.3964 INFO play button has been pressed
2020-06-24 23:26:56.9074 INFO skip button has been pressed
2020-06-24 23:26:57.0899 INFO skip button has been pressed
2020-06-24 23:26:58.0728 INFO play button has been pressed
2020-06-24 23:26:58.3566 INFO skip button has been pressed
2020-06-24 23:26:59.0769 INFO you chose to play a song
2020-06-24 23:27:04.0826 INFO play button has been pressed
2020-06-24 23:27:04.4631 INFO skip button has been pressed
2020-06-24 23:27:04.6462 INFO skip button has been pressed
2020-06-24 23:27:04.8178 INFO skip button has been pressed
2020-06-24 23:27:05.2935 INFO play button has been pressed
2020-06-24 23:27:05.4571 INFO play button has been pressed
2020-06-24 23:27:05.5987 INFO play button has been pressed
2020-06-24 23:27:05.9259 INFO skip button has been pressed
2020-06-24 23:27:06.0850 INFO skip button has been pressed
2020-06-24 23:27:06.4042 INFO skip button has been pressed
2020-06-24 23:27:06.5932 INFO stop button has been pressed
2020-06-24 23:27:06.7558 INFO stop button has been pressed
2020-06-24 23:27:07.1976 INFO stop button has been pressed
2020-06-24 23:27:07.3751 INFO stop button has been pressed
2020-06-24 23:27:07.7262 INFO play button has been pressed
2020-06-24 23:27:13.5868 INFO play button has been pressed
2020-06-24 23:27:14.3374 INFO stop button has been pressed
2020-06-24 23:27:15.4070 INFO you left the application
